This is pdfTeX, Version 3.14159265-2.6-1.40.21 (TeX Live 2020) (preloaded format=pdflatex 2020.8.26)  18 SEP 2020 16:31
entering extended mode
 restricted \write18 enabled.
 %&-line parsing enabled.
**thesis.tex
(./thesis.tex
LaTeX2e <2020-02-02> patch level 5
L3 programming layer <2020-03-06>
(/usr/local/texlive/2020basic/texmf-dist/tex/latex/base/article.cls
Document Class: article 2019/12/20 v1.4l Standard LaTeX document class
(/usr/local/texlive/2020basic/texmf-dist/tex/latex/base/size12.clo
File: size12.clo 2019/12/20 v1.4l Standard LaTeX file (size option)
)
\c@part=\count167
\c@section=\count168
\c@subsection=\count169
\c@subsubsection=\count170
\c@paragraph=\count171
\c@subparagraph=\count172
\c@figure=\count173
\c@table=\count174
\abovecaptionskip=\skip47
\belowcaptionskip=\skip48
\bibindent=\dimen134
)
(/usr/local/texlive/2020basic/texmf-dist/tex/latex/hyperref/hyperref.sty
Package: hyperref 2020/01/14 v7.00d Hypertext links for LaTeX

(/usr/local/texlive/2020basic/texmf-dist/tex/generic/ltxcmds/ltxcmds.sty
Package: ltxcmds 2019/12/15 v1.24 LaTeX kernel commands for general use (HO)
)
(/usr/local/texlive/2020basic/texmf-dist/tex/generic/iftex/iftex.sty
Package: iftex 2020/03/06 v1.0d TeX engine tests
)
(/usr/local/texlive/2020basic/texmf-dist/tex/latex/pdftexcmds/pdftexcmds.sty
Package: pdftexcmds 2019/11/24 v0.31 Utility functions of pdfTeX for LuaTeX (HO
)

(/usr/local/texlive/2020basic/texmf-dist/tex/generic/infwarerr/infwarerr.sty
Package: infwarerr 2019/12/03 v1.5 Providing info/warning/error messages (HO)
)
Package pdftexcmds Info: \pdf@primitive is available.
Package pdftexcmds Info: \pdf@ifprimitive is available.
Package pdftexcmds Info: \pdfdraftmode found.
)
(/usr/local/texlive/2020basic/texmf-dist/tex/latex/graphics/keyval.sty
Package: keyval 2014/10/28 v1.15 key=value parser (DPC)
\KV@toks@=\toks15
)
(/usr/local/texlive/2020basic/texmf-dist/tex/generic/kvsetkeys/kvsetkeys.sty
Package: kvsetkeys 2019/12/15 v1.18 Key value parser (HO)
)
(/usr/local/texlive/2020basic/texmf-dist/tex/generic/kvdefinekeys/kvdefinekeys.
sty
Package: kvdefinekeys 2019-12-19 v1.6 Define keys (HO)
)
(/usr/local/texlive/2020basic/texmf-dist/tex/generic/pdfescape/pdfescape.sty
Package: pdfescape 2019/12/09 v1.15 Implements pdfTeX's escape features (HO)
)
(/usr/local/texlive/2020basic/texmf-dist/tex/latex/hycolor/hycolor.sty
Package: hycolor 2020-01-27 v1.10 Color options for hyperref/bookmark (HO)
)
(/usr/local/texlive/2020basic/texmf-dist/tex/latex/letltxmacro/letltxmacro.sty
Package: letltxmacro 2019/12/03 v1.6 Let assignment for LaTeX macros (HO)
) (/usr/local/texlive/2020basic/texmf-dist/tex/latex/auxhook/auxhook.sty
Package: auxhook 2019-12-17 v1.6 Hooks for auxiliary files (HO)
)
(/usr/local/texlive/2020basic/texmf-dist/tex/latex/kvoptions/kvoptions.sty
Package: kvoptions 2019/11/29 v3.13 Key value format for package options (HO)
)
\@linkdim=\dimen135
\Hy@linkcounter=\count175
\Hy@pagecounter=\count176

(/usr/local/texlive/2020basic/texmf-dist/tex/latex/hyperref/pd1enc.def
File: pd1enc.def 2020/01/14 v7.00d Hyperref: PDFDocEncoding definition (HO)
Now handling font encoding PD1 ...
... no UTF-8 mapping file for font encoding PD1
)
(/usr/local/texlive/2020basic/texmf-dist/tex/generic/intcalc/intcalc.sty
Package: intcalc 2019/12/15 v1.3 Expandable calculations with integers (HO)
)
(/usr/local/texlive/2020basic/texmf-dist/tex/generic/etexcmds/etexcmds.sty
Package: etexcmds 2019/12/15 v1.7 Avoid name clashes with e-TeX commands (HO)
)
\Hy@SavedSpaceFactor=\count177
Package hyperref Info: Option `colorlinks' set `true' on input line 4421.
Package hyperref Info: Hyper figures OFF on input line 4547.
Package hyperref Info: Link nesting OFF on input line 4552.
Package hyperref Info: Hyper index ON on input line 4555.
Package hyperref Info: Plain pages OFF on input line 4562.
Package hyperref Info: Backreferencing OFF on input line 4567.
Package hyperref Info: Implicit mode ON; LaTeX internals redefined.
Package hyperref Info: Bookmarks ON on input line 4800.
\c@Hy@tempcnt=\count178

(/usr/local/texlive/2020basic/texmf-dist/tex/latex/url/url.sty
\Urlmuskip=\muskip16
Package: url 2013/09/16  ver 3.4  Verb mode for urls, etc.
)
LaTeX Info: Redefining \url on input line 5159.
\XeTeXLinkMargin=\dimen136

(/usr/local/texlive/2020basic/texmf-dist/tex/generic/bitset/bitset.sty
Package: bitset 2019/12/09 v1.3 Handle bit-vector datatype (HO)

(/usr/local/texlive/2020basic/texmf-dist/tex/generic/bigintcalc/bigintcalc.sty
Package: bigintcalc 2019/12/15 v1.5 Expandable calculations on big integers (HO
)
))
\Fld@menulength=\count179
\Field@Width=\dimen137
\Fld@charsize=\dimen138
Package hyperref Info: Hyper figures OFF on input line 6430.
Package hyperref Info: Link nesting OFF on input line 6435.
Package hyperref Info: Hyper index ON on input line 6438.
Package hyperref Info: backreferencing OFF on input line 6445.
Package hyperref Info: Link coloring ON on input line 6448.
Package hyperref Info: Link coloring with OCG OFF on input line 6455.
Package hyperref Info: PDF/A mode OFF on input line 6460.
LaTeX Info: Redefining \ref on input line 6500.
LaTeX Info: Redefining \pageref on input line 6504.
 (/usr/local/texlive/2020basic/texmf-dist/tex/generic/atbegshi/atbegshi.sty
Package: atbegshi 2019/12/05 v1.19 At begin shipout hook (HO)
)
\Hy@abspage=\count180
\c@Item=\count181
\c@Hfootnote=\count182
)
Package hyperref Info: Driver (autodetected): hpdftex.

(/usr/local/texlive/2020basic/texmf-dist/tex/latex/hyperref/hpdftex.def
File: hpdftex.def 2020/01/14 v7.00d Hyperref driver for pdfTeX

(/usr/local/texlive/2020basic/texmf-dist/tex/latex/atveryend/atveryend.sty
Package: atveryend 2019-12-11 v1.11 Hooks at the very end of document (HO)
Package atveryend Info: \enddocument detected (standard20110627).
)
\Fld@listcount=\count183
\c@bookmark@seq@number=\count184

(/usr/local/texlive/2020basic/texmf-dist/tex/latex/rerunfilecheck/rerunfilechec
k.sty
Package: rerunfilecheck 2019/12/05 v1.9 Rerun checks for auxiliary files (HO)

(/usr/local/texlive/2020basic/texmf-dist/tex/generic/uniquecounter/uniquecounte
r.sty
Package: uniquecounter 2019/12/15 v1.4 Provide unlimited unique counter (HO)
)
Package uniquecounter Info: New unique counter `rerunfilecheck' on input line 2
86.
)
\Hy@SectionHShift=\skip49
) (/usr/local/texlive/2020basic/texmf-dist/tex/latex/caption/caption.sty
Package: caption 2020/01/03 v3.4h Customizing captions (AR)
(/usr/local/texlive/2020basic/texmf-dist/tex/latex/caption/caption3.sty
Package: caption3 2020/01/03 v1.8h caption3 kernel (AR)
Package caption3 Info: TeX engine: e-TeX on input line 61.
\captionmargin=\dimen139
\captionmargin@=\dimen140
\captionwidth=\dimen141
\caption@tempdima=\dimen142
\caption@indent=\dimen143
\caption@parindent=\dimen144
\caption@hangindent=\dimen145
Package caption Info: Standard document class detected.
)
\c@caption@flags=\count185
\c@continuedfloat=\count186
Package caption Info: hyperref package is loaded.
)
(/usr/local/texlive/2020basic/texmf-dist/tex/latex/geometry/geometry.sty
Package: geometry 2020/01/02 v5.9 Page Geometry

(/usr/local/texlive/2020basic/texmf-dist/tex/generic/iftex/ifvtex.sty
Package: ifvtex 2019/10/25 v1.7 ifvtex legacy package. Use iftex instead.
)
\Gm@cnth=\count187
\Gm@cntv=\count188
\c@Gm@tempcnt=\count189
\Gm@bindingoffset=\dimen146
\Gm@wd@mp=\dimen147
\Gm@odd@mp=\dimen148
\Gm@even@mp=\dimen149
\Gm@layoutwidth=\dimen150
\Gm@layoutheight=\dimen151
\Gm@layouthoffset=\dimen152
\Gm@layoutvoffset=\dimen153
\Gm@dimlist=\toks16
)
(/usr/local/texlive/2020basic/texmf-dist/tex/latex/graphics/graphicx.sty
Package: graphicx 2019/11/30 v1.2a Enhanced LaTeX Graphics (DPC,SPQR)

(/usr/local/texlive/2020basic/texmf-dist/tex/latex/graphics/graphics.sty
Package: graphics 2019/11/30 v1.4a Standard LaTeX Graphics (DPC,SPQR)

(/usr/local/texlive/2020basic/texmf-dist/tex/latex/graphics/trig.sty
Package: trig 2016/01/03 v1.10 sin cos tan (DPC)
)
(/usr/local/texlive/2020basic/texmf-dist/tex/latex/graphics-cfg/graphics.cfg
File: graphics.cfg 2016/06/04 v1.11 sample graphics configuration
)
Package graphics Info: Driver file: pdftex.def on input line 105.

(/usr/local/texlive/2020basic/texmf-dist/tex/latex/graphics-def/pdftex.def
File: pdftex.def 2018/01/08 v1.0l Graphics/color driver for pdftex
))
\Gin@req@height=\dimen154
\Gin@req@width=\dimen155
)
(/usr/local/texlive/2020basic/texmf-dist/tex/latex/float/float.sty
Package: float 2001/11/08 v1.3d Float enhancements (AL)
\c@float@type=\count190
\float@exts=\toks17
\float@box=\box45
\@float@everytoks=\toks18
\@floatcapt=\box46
)
(/usr/local/texlive/2020basic/texmf-dist/tex/latex/tools/afterpage.sty
Package: afterpage 2014/10/28 v1.08 After-Page Package (DPC)
\AP@output=\toks19
\AP@partial=\box47
\AP@footins=\box48
)
(/usr/local/texlive/2020basic/texmf-dist/tex/latex/graphics/epsfig.sty
Package: epsfig 2017/06/25 v1.7b (e)psfig emulation (SPQR)
\epsfxsize=\dimen156
\epsfysize=\dimen157
)
(/usr/local/texlive/2020basic/texmf-dist/tex/latex/cite/cite.sty
LaTeX Info: Redefining \cite on input line 302.
LaTeX Info: Redefining \nocite on input line 332.
Package: cite 2015/02/27  v 5.5
)
(/usr/local/texlive/2020basic/texmf-dist/tex/latex/amsfonts/amssymb.sty
Package: amssymb 2013/01/14 v3.01 AMS font symbols

(/usr/local/texlive/2020basic/texmf-dist/tex/latex/amsfonts/amsfonts.sty
Package: amsfonts 2013/01/14 v3.01 Basic AMSFonts support
\@emptytoks=\toks20
\symAMSa=\mathgroup4
\symAMSb=\mathgroup5
LaTeX Font Info:    Redeclaring math symbol \hbar on input line 98.
LaTeX Font Info:    Overwriting math alphabet `\mathfrak' in version `bold'
(Font)                  U/euf/m/n --> U/euf/b/n on input line 106.
))
(/usr/local/texlive/2020basic/texmf-dist/tex/latex/amsmath/amsmath.sty
Package: amsmath 2020/01/20 v2.17e AMS math features
\@mathmargin=\skip50

For additional information on amsmath, use the `?' option.
(/usr/local/texlive/2020basic/texmf-dist/tex/latex/amsmath/amstext.sty
Package: amstext 2000/06/29 v2.01 AMS text

(/usr/local/texlive/2020basic/texmf-dist/tex/latex/amsmath/amsgen.sty
File: amsgen.sty 1999/11/30 v2.0 generic functions
\@emptytoks=\toks21
\ex@=\dimen158
))
(/usr/local/texlive/2020basic/texmf-dist/tex/latex/amsmath/amsbsy.sty
Package: amsbsy 1999/11/29 v1.2d Bold Symbols
\pmbraise@=\dimen159
)
(/usr/local/texlive/2020basic/texmf-dist/tex/latex/amsmath/amsopn.sty
Package: amsopn 2016/03/08 v2.02 operator names
)
\inf@bad=\count191
LaTeX Info: Redefining \frac on input line 227.
\uproot@=\count192
\leftroot@=\count193
LaTeX Info: Redefining \overline on input line 389.
\classnum@=\count194
\DOTSCASE@=\count195
LaTeX Info: Redefining \ldots on input line 486.
LaTeX Info: Redefining \dots on input line 489.
LaTeX Info: Redefining \cdots on input line 610.
\Mathstrutbox@=\box49
\strutbox@=\box50
\big@size=\dimen160
LaTeX Font Info:    Redeclaring font encoding OML on input line 733.
LaTeX Font Info:    Redeclaring font encoding OMS on input line 734.
\macc@depth=\count196
\c@MaxMatrixCols=\count197
\dotsspace@=\muskip17
\c@parentequation=\count198
\dspbrk@lvl=\count199
\tag@help=\toks22
\row@=\count266
\column@=\count267
\maxfields@=\count268
\andhelp@=\toks23
\eqnshift@=\dimen161
\alignsep@=\dimen162
\tagshift@=\dimen163
\tagwidth@=\dimen164
\totwidth@=\dimen165
\lineht@=\dimen166
\@envbody=\toks24
\multlinegap=\skip51
\multlinetaggap=\skip52
\mathdisplay@stack=\toks25
LaTeX Info: Redefining \[ on input line 2859.
LaTeX Info: Redefining \] on input line 2860.
)
(/usr/local/texlive/2020basic/texmf-dist/tex/latex/tools/bm.sty
Package: bm 2019/07/24 v1.2d Bold Symbol Support (DPC/FMi)
\symboldoperators=\mathgroup6
\symboldletters=\mathgroup7
\symboldsymbols=\mathgroup8
LaTeX Font Info:    Redeclaring math alphabet \mathbf on input line 141.
LaTeX Info: Redefining \bm on input line 209.
)

! LaTeX Error: File `dsfont.sty' not found.

Type X to quit or <RETURN> to proceed,
or enter new name. (Default extension: sty)

Enter file name: 

! LaTeX Error: File `multirow.sty' not found.

Type X to quit or <RETURN> to proceed,
or enter new name. (Default extension: sty)

Enter file name: 
(/usr/local/texlive/2020basic/texmf-dist/tex/latex/xcolor/xcolor.sty
Package: xcolor 2016/05/11 v2.12 LaTeX color extensions (UK)

(/usr/local/texlive/2020basic/texmf-dist/tex/latex/graphics-cfg/color.cfg
File: color.cfg 2016/01/02 v1.6 sample color configuration
)
Package xcolor Info: Driver file: pdftex.def on input line 225.
Package xcolor Info: Model `cmy' substituted by `cmy0' on input line 1348.
Package xcolor Info: Model `hsb' substituted by `rgb' on input line 1352.
Package xcolor Info: Model `RGB' extended on input line 1364.
Package xcolor Info: Model `HTML' substituted by `rgb' on input line 1366.
Package xcolor Info: Model `Hsb' substituted by `hsb' on input line 1367.
Package xcolor Info: Model `tHsb' substituted by `hsb' on input line 1368.
Package xcolor Info: Model `HSB' substituted by `hsb' on input line 1369.
Package xcolor Info: Model `Gray' substituted by `gray' on input line 1370.
Package xcolor Info: Model `wave' substituted by `hsb' on input line 1371.
)
(/usr/local/texlive/2020basic/texmf-dist/tex/generic/ulem/ulem.sty
\UL@box=\box51
\UL@hyphenbox=\box52
\UL@skip=\skip53
\UL@hook=\toks26
\UL@height=\dimen167
\UL@pe=\count269
\UL@pixel=\dimen168
\ULC@box=\box53
Package: ulem 2019/11/18
\ULdepth=\dimen169
)
(/usr/local/texlive/2020basic/texmf-dist/tex/latex/booktabs/booktabs.sty
Package: booktabs 2020/01/12 v1.61803398 Publication quality tables
\heavyrulewidth=\dimen170
\lightrulewidth=\dimen171
\cmidrulewidth=\dimen172
\belowrulesep=\dimen173
\belowbottomsep=\dimen174
\aboverulesep=\dimen175
\abovetopsep=\dimen176
\cmidrulesep=\dimen177
\cmidrulekern=\dimen178
\defaultaddspace=\dimen179
\@cmidla=\count270
\@cmidlb=\count271
\@aboverulesep=\dimen180
\@belowrulesep=\dimen181
\@thisruleclass=\count272
\@lastruleclass=\count273
\@thisrulewidth=\dimen182
)
(/usr/local/texlive/2020basic/texmf-dist/tex/latex/tools/tabularx.sty
Package: tabularx 2020/01/15 v2.11c `tabularx' package (DPC)

(/usr/local/texlive/2020basic/texmf-dist/tex/latex/tools/array.sty
Package: array 2019/08/31 v2.4l Tabular extension package (FMi)
\col@sep=\dimen183
\ar@mcellbox=\box54
\extrarowheight=\dimen184
\NC@list=\toks27
\extratabsurround=\skip54
\backup@length=\skip55
\ar@cellbox=\box55
)
\TX@col@width=\dimen185
\TX@old@table=\dimen186
\TX@old@col=\dimen187
\TX@target=\dimen188
\TX@delta=\dimen189
\TX@cols=\count274
\TX@ftn=\toks28
)
(/usr/local/texlive/2020basic/texmf-dist/tex/latex/l3backend/l3backend-pdfmode.
def
File: l3backend-pdfmode.def 2020-03-12 L3 backend support: PDF mode
\l__kernel_color_stack_int=\count275
\l__pdf_internal_box=\box56
) (./thesis.aux)
\openout1 = `thesis.aux'.

LaTeX Font Info:    Checking defaults for OML/cmm/m/it on input line 144.
LaTeX Font Info:    ... okay on input line 144.
LaTeX Font Info:    Checking defaults for OMS/cmsy/m/n on input line 144.
LaTeX Font Info:    ... okay on input line 144.
LaTeX Font Info:    Checking defaults for OT1/cmr/m/n on input line 144.
LaTeX Font Info:    ... okay on input line 144.
LaTeX Font Info:    Checking defaults for T1/cmr/m/n on input line 144.
LaTeX Font Info:    ... okay on input line 144.
LaTeX Font Info:    Checking defaults for TS1/cmr/m/n on input line 144.
LaTeX Font Info:    ... okay on input line 144.
LaTeX Font Info:    Checking defaults for OMX/cmex/m/n on input line 144.
LaTeX Font Info:    ... okay on input line 144.
LaTeX Font Info:    Checking defaults for U/cmr/m/n on input line 144.
LaTeX Font Info:    ... okay on input line 144.
LaTeX Font Info:    Checking defaults for PD1/pdf/m/n on input line 144.
LaTeX Font Info:    ... okay on input line 144.
\AtBeginShipoutBox=\box57
Package hyperref Info: Link coloring ON on input line 144.

(/usr/local/texlive/2020basic/texmf-dist/tex/latex/hyperref/nameref.sty
Package: nameref 2019/09/16 v2.46 Cross-referencing by name of section

(/usr/local/texlive/2020basic/texmf-dist/tex/latex/refcount/refcount.sty
Package: refcount 2019/12/15 v3.6 Data extraction from label references (HO)
)
(/usr/local/texlive/2020basic/texmf-dist/tex/generic/gettitlestring/gettitlestr
ing.sty
Package: gettitlestring 2019/12/15 v1.6 Cleanup title references (HO)
)
\c@section@level=\count276
)
LaTeX Info: Redefining \ref on input line 144.
LaTeX Info: Redefining \pageref on input line 144.
LaTeX Info: Redefining \nameref on input line 144.
 (./thesis.out) (./thesis.out)
\@outlinefile=\write3
\openout3 = `thesis.out'.

Package caption Info: Begin \AtBeginDocument code.
Package caption Info: float package is loaded.
Package caption Info: End \AtBeginDocument code.

*geometry* driver: auto-detecting
*geometry* detected driver: pdftex
*geometry* verbose mode - [ preamble ] result:
* driver: pdftex
* paper: a4paper
* layout: <same size as paper>
* layoutoffset:(h,v)=(0.0pt,0.0pt)
* modes: 
* h-part:(L,W,R)=(71.13188pt, 455.24411pt, 71.13188pt)
* v-part:(T,H,B)=(56.9055pt, 731.23584pt, 56.9055pt)
* \paperwidth=597.50787pt
* \paperheight=845.04684pt
* \textwidth=455.24411pt
* \textheight=731.23584pt
* \oddsidemargin=-1.1381pt
* \evensidemargin=-1.1381pt
* \topmargin=-52.36449pt
* \headheight=12.0pt
* \headsep=25.0pt
* \topskip=12.0pt
* \footskip=30.0pt
* \marginparwidth=35.0pt
* \marginparsep=10.0pt
* \columnsep=10.0pt
* \skip\footins=10.8pt plus 4.0pt minus 2.0pt
* \hoffset=0.0pt
* \voffset=0.0pt
* \mag=1000
* \@twocolumnfalse
* \@twosidefalse
* \@mparswitchfalse
* \@reversemarginfalse
* (1in=72.27pt=25.4mm, 1cm=28.453pt)

(/usr/local/texlive/2020basic/texmf-dist/tex/context/base/mkii/supp-pdf.mkii
[Loading MPS to PDF converter (version 2006.09.02).]
\scratchcounter=\count277
\scratchdimen=\dimen190
\scratchbox=\box58
\nofMPsegments=\count278
\nofMParguments=\count279
\everyMPshowfont=\toks29
\MPscratchCnt=\count280
\MPscratchDim=\dimen191
\MPnumerator=\count281
\makeMPintoPDFobject=\count282
\everyMPtoPDFconversion=\toks30
)
(/usr/local/texlive/2020basic/texmf-dist/tex/latex/epstopdf-pkg/epstopdf-base.s
ty
Package: epstopdf-base 2020-01-24 v2.11 Base part for package epstopdf
Package epstopdf-base Info: Redefining graphics rule for `.eps' on input line 4
85.

(/usr/local/texlive/2020basic/texmf-dist/tex/latex/latexconfig/epstopdf-sys.cfg
File: epstopdf-sys.cfg 2010/07/13 v1.3 Configuration of (r)epstopdf for TeX Liv
e
))
*geometry* verbose mode - [ newgeometry ] result:
* driver: pdftex
* paper: a4paper
* layout: <same size as paper>
* layoutoffset:(h,v)=(0.0pt,0.0pt)
* modes: 
* h-part:(L,W,R)=(71.13188pt, 455.24411pt, 71.13188pt)
* v-part:(T,H,B)=(142.26378pt, 631.65118pt, 71.13188pt)
* \paperwidth=597.50787pt
* \paperheight=845.04684pt
* \textwidth=455.24411pt
* \textheight=631.65118pt
* \oddsidemargin=-1.1381pt
* \evensidemargin=-1.1381pt
* \topmargin=32.99379pt
* \headheight=12.0pt
* \headsep=25.0pt
* \topskip=12.0pt
* \footskip=30.0pt
* \marginparwidth=35.0pt
* \marginparsep=10.0pt
* \columnsep=10.0pt
* \skip\footins=10.8pt plus 4.0pt minus 2.0pt
* \hoffset=0.0pt
* \voffset=0.0pt
* \mag=1000
* \@twocolumnfalse
* \@twosidefalse
* \@mparswitchfalse
* \@reversemarginfalse
* (1in=72.27pt=25.4mm, 1cm=28.453pt)

<plots/TUDelft_logo.png, id=100, 836.12375pt x 327.2225pt>
File: plots/TUDelft_logo.png Graphic file (type png)
<use plots/TUDelft_logo.png>
Package pdftex.def Info: plots/TUDelft_logo.png  used on input line 168.
(pdftex.def)             Requested size: 136.57462pt x 53.45013pt.
<plots/Nikhef_logo.png, id=102, 301.125pt x 118.4425pt>
File: plots/Nikhef_logo.png Graphic file (type png)
<use plots/Nikhef_logo.png>
Package pdftex.def Info: plots/Nikhef_logo.png  used on input line 173.
(pdftex.def)             Requested size: 136.57462pt x 53.72153pt.
 [1


{/usr/local/texlive/2020basic/texmf-var/fonts/map/pdftex/updmap/pdftex.map} <./
plots/TUDelft_logo.png> <./plots/Nikhef_logo.png>]pdfTeX warning (ext4): destin
ation with the same identifier (name{page.1}) has been already used, duplicate 
ignored
<to be read again> 
                   \relax 
l.180 \newpage
               [1]
*geometry* verbose mode - [ newgeometry ] result:
* driver: pdftex
* paper: a4paper
* layout: <same size as paper>
* layoutoffset:(h,v)=(0.0pt,0.0pt)
* modes: 
* h-part:(L,W,R)=(71.13188pt, 455.24411pt, 71.13188pt)
* v-part:(T,H,B)=(71.13188pt, 702.78308pt, 71.13188pt)
* \paperwidth=597.50787pt
* \paperheight=845.04684pt
* \textwidth=455.24411pt
* \textheight=702.78308pt
* \oddsidemargin=-1.1381pt
* \evensidemargin=-1.1381pt
* \topmargin=-38.1381pt
* \headheight=12.0pt
* \headsep=25.0pt
* \topskip=12.0pt
* \footskip=30.0pt
* \marginparwidth=35.0pt
* \marginparsep=10.0pt
* \columnsep=10.0pt
* \skip\footins=10.8pt plus 4.0pt minus 2.0pt
* \hoffset=0.0pt
* \voffset=0.0pt
* \mag=1000
* \@twocolumnfalse
* \@twosidefalse
* \@mparswitchfalse
* \@reversemarginfalse
* (1in=72.27pt=25.4mm, 1cm=28.453pt)

 [2

]
LaTeX Font Info:    Trying to load font information for U+msa on input line 222
.

(/usr/local/texlive/2020basic/texmf-dist/tex/latex/amsfonts/umsa.fd
File: umsa.fd 2013/01/14 v3.01 AMS symbols A
)
LaTeX Font Info:    Trying to load font information for U+msb on input line 222
.

(/usr/local/texlive/2020basic/texmf-dist/tex/latex/amsfonts/umsb.fd
File: umsb.fd 2013/01/14 v3.01 AMS symbols B
)
Underfull \hbox (badness 10000) in paragraph at lines 245--248

 []

[3] (./thesis.toc)
\tf@toc=\write4
\openout4 = `thesis.toc'.

 [4

] (./sec-introduction.tex
Underfull \hbox (badness 10000) in paragraph at lines 64--90

 []

[5]
Underfull \hbox (badness 10000) in paragraph at lines 91--112

 []

) [6] (./sec-tmd.tex

Package hyperref Warning: Token not allowed in a PDF string (PDFDocEncoding):
(hyperref)                removing `math shift' on input line 1.


Package hyperref Warning: Token not allowed in a PDF string (PDFDocEncoding):
(hyperref)                removing `subscript' on input line 1.


Package hyperref Warning: Token not allowed in a PDF string (PDFDocEncoding):
(hyperref)                removing `math shift' on input line 1.


Underfull \hbox (badness 10000) in paragraph at lines 4--12

 []


Underfull \hbox (badness 10000) in paragraph at lines 26--42

 []

<plots/stackings.pdf, id=235, 1004.75375pt x 713.66624pt>
File: plots/stackings.pdf Graphic file (type pdf)
<use plots/stackings.pdf>
Package pdftex.def Info: plots/stackings.pdf  used on input line 82.
(pdftex.def)             Requested size: 341.43307pt x 242.51263pt.
[7]
Underfull \hbox (badness 10000) in paragraph at lines 96--116

 []

<plots/spectrumimage.pdf, id=248, 463.7325pt x 176.66pt>
File: plots/spectrumimage.pdf Graphic file (type pdf)
<use plots/spectrumimage.pdf>
Package pdftex.def Info: plots/spectrumimage.pdf  used on input line 138.
(pdftex.def)             Requested size: 364.19667pt x 138.74309pt.

LaTeX Warning: `h' float specifier changed to `ht'.

[8 <./plots/stackings.pdf>]

LaTeX Warning: Citation `Li:2016' on page 9 undefined on input line 172.


Underfull \hbox (badness 10000) in paragraph at lines 165--176

 []

! Undefined control sequence.
<recently read> \multirow 
                          
l.210 \multirow
               {}{}{\cite{Jo:2014}}                 & ML   & $2.14 $        ...

? 
! Undefined control sequence.
l.210 ...  & $2.14 $         & direct  & \multirow
                                                  {}{}{Gate-voltage dependen...

? 
! Undefined control sequence.
l.214 \multirow
               {}{}{\cite{Gusakova:2007}} & ML   & $2.03\pm0.03$            ...

? 
! Undefined control sequence.
l.214 ...\pm0.03$            & direct  & \multirow
                                                  {}{}{DFT}  \\
? 
! Undefined control sequence.
<recently read> \multirow 
                          
l.217 \multirow
               {}{}{\cite{Kam:1982}}                  & ML   & $1.76\pm0.03 ...

? 
! Undefined control sequence.
l.217 ....76\pm0.03 $      & direct    & \multirow
                                                  {}{}{Absorption edge coeff...

? 
) [9 <./plots/spectrumimage.pdf>] [10] (./sec-eels.tex
Underfull \hbox (badness 10000) in paragraph at lines 4--17

 []

<plots/EELS.pdf, id=298, 790.955pt x 329.23pt>
File: plots/EELS.pdf Graphic file (type pdf)
<use plots/EELS.pdf>
Package pdftex.def Info: plots/EELS.pdf  used on input line 60.
(pdftex.def)             Requested size: 441.58734pt x 183.8099pt.
[11 <./plots/EELS.pdf>]
Underfull \hbox (badness 10000) in paragraph at lines 89--94

 []


Package amsmath Warning: Foreign command \over;
(amsmath)                \frac or \genfrac should be used instead
(amsmath)                 on input line 117.


Underfull \hbox (badness 10000) in paragraph at lines 120--124

 []


LaTeX Warning: Citation `Nerl:2016' on page 12 undefined on input line 137.

[12]
Underfull \hbox (badness 10000) in paragraph at lines 158--163

 []


Underfull \hbox (badness 10000) in paragraph at lines 164--178

 []


Underfull \hbox (badness 10000) in paragraph at lines 185--196

 []


Underfull \hbox (badness 10000) in paragraph at lines 197--205

 []

<plots/bandgap.png, id=376, 1138.2525pt x 462.72874pt>
File: plots/bandgap.png Graphic file (type png)
<use plots/bandgap.png>
Package pdftex.def Info: plots/bandgap.png  used on input line 208.
(pdftex.def)             Requested size: 273.14923pt x 111.04305pt.
[13]
Underfull \hbox (badness 10000) in paragraph at lines 218--233

 []


Underfull \hbox (badness 10000) in paragraph at lines 252--278

 []

[14 <./plots/bandgap.png>]
Underfull \hbox (badness 10000) in paragraph at lines 300--308

 []

<plots/monochromator.png, id=403, 425.59pt x 528.97626pt>
File: plots/monochromator.png Graphic file (type png)
<use plots/monochromator.png>
Package pdftex.def Info: plots/monochromator.png  used on input line 320.
(pdftex.def)             Requested size: 199.16928pt x 247.55344pt.

LaTeX Warning: Citation `Hofer:2016' on page 15 undefined on input line 343.

[15 <./plots/monochromator.png>]
Underfull \hbox (badness 10000) in paragraph at lines 349--360

 []


Underfull \hbox (badness 10000) in paragraph at lines 361--374

 []


Underfull \hbox (badness 10000) in paragraph at lines 385--398

 []

[16]
<plots/compare_subtractions.pdf, id=434, 1046.91125pt x 758.835pt>
File: plots/compare_subtractions.pdf Graphic file (type pdf)
<use plots/compare_subtractions.pdf>
Package pdftex.def Info: plots/compare_subtractions.pdf  used on input line 413
.
(pdftex.def)             Requested size: 409.71692pt x 296.97498pt.
) [17 <./plots/compare_subtractions.pdf>] (./sec-neuralnetworks.tex
<plots/nn.png, id=454, 596.2275pt x 343.2825pt>
File: plots/nn.png Graphic file (type png)
<use plots/nn.png>
Package pdftex.def Info: plots/nn.png  used on input line 18.
(pdftex.def)             Requested size: 284.52756pt x 163.82039pt.
<plots/f(z).png, id=457, 682.55pt x 276.03125pt>
File: plots/f(z).png Graphic file (type png)
<use plots/f(z).png>
Package pdftex.def Info: plots/f(z).png  used on input line 61.
(pdftex.def)             Requested size: 284.52756pt x 115.06888pt.

[18 <./plots/nn.png>] [19 <./plots/f(z).png>]
<plots/train_val_error.pdf, id=481, 722.7pt x 325.215pt>
File: plots/train_val_error.pdf Graphic file (type pdf)
<use plots/train_val_error.pdf>
Package pdftex.def Info: plots/train_val_error.pdf  used on input line 196.
(pdftex.def)             Requested size: 426.79134pt x 192.05879pt.
 [20]) [21 <./plots/train_val_error.pdf>] (./sec-methodology.tex
Underfull \hbox (badness 10000) in paragraph at lines 29--47

 []

[22]
Underfull \hbox (badness 10000) in paragraph at lines 107--115

 []


Underfull \hbox (badness 10000) in paragraph at lines 137--152

 []

<plots/architecture.pdf, id=562, 670.505pt x 604.2575pt>
File: plots/architecture.pdf Graphic file (type pdf)
<use plots/architecture.pdf>
Package pdftex.def Info: plots/architecture.pdf  used on input line 166.
(pdftex.def)             Requested size: 281.68228pt x 253.85095pt.
[23] [24 <./plots/architecture.pdf>]
<plots/MCscheme.pdf, id=711, 1019.81pt x 764.8575pt>
File: plots/MCscheme.pdf Graphic file (type pdf)
<use plots/MCscheme.pdf>
Package pdftex.def Info: plots/MCscheme.pdf  used on input line 237.
(pdftex.def)             Requested size: 318.66948pt x 239.0057pt.

Underfull \hbox (badness 10000) in paragraph at lines 247--255

 []

[25 <./plots/MCscheme.pdf>]
<plots/MC-Copy1.pdf, id=774, 1364.09625pt x 540.0175pt>
File: plots/MC-Copy1.pdf Graphic file (type pdf)
<use plots/MC-Copy1.pdf>
Package pdftex.def Info: plots/MC-Copy1.pdf  used on input line 331.
(pdftex.def)             Requested size: 450.69417pt x 178.42056pt.
 [26 <./plots/MC-Copy1.pdf>]
Underfull \hbox (badness 10000) in paragraph at lines 397--406

 []


Underfull \hbox (badness 10000) in paragraph at lines 416--423

 []

[27]
Underfull \hbox (badness 10000) in paragraph at lines 482--496

 []

[28] [29]
<plots/Toy.pdf, id=823, 430.60875pt x 298.11375pt>
File: plots/Toy.pdf Graphic file (type pdf)
<use plots/Toy.pdf>
Package pdftex.def Info: plots/Toy.pdf  used on input line 606.
(pdftex.def)             Requested size: 318.66948pt x 220.62346pt.
 [30 <./plots/Toy.pdf>]
Underfull \hbox (badness 10000) in paragraph at lines 668--687

 []


Underfull \hbox (badness 10000) in paragraph at lines 728--736

 []

[31]
Underfull \hbox (badness 10000) in paragraph at lines 737--753

 []

) [32] (./sec-results-vacuum.tex [33]
<plots/training_points_vacuum.pdf, id=864, 505.89pt x 289.08pt>
File: plots/training_points_vacuum.pdf Graphic file (type pdf)
<use plots/training_points_vacuum.pdf>
Package pdftex.def Info: plots/training_points_vacuum.pdf  used on input line 1
01.
(pdftex.def)             Requested size: 341.43306pt x 195.10733pt.
<plots/intensity_to_error_ratio.pdf, id=868, 361.35pt x 252.945pt>
File: plots/intensity_to_error_ratio.pdf Graphic file (type pdf)
<use plots/intensity_to_error_ratio.pdf>
Package pdftex.def Info: plots/intensity_to_error_ratio.pdf  used on input line
 130.
(pdftex.def)             Requested size: 341.43306pt x 239.0034pt.
 [34 <./plots/training_points_vacuum.pdf>] [35 <./plots/intensity_to_error_rati
o.pdf>] [36]
<plots/chi2_distributions.pdf, id=1000, 542.025pt x 361.35pt>
File: plots/chi2_distributions.pdf Graphic file (type pdf)
<use plots/chi2_distributions.pdf>
Package pdftex.def Info: plots/chi2_distributions.pdf  used on input line 285.
(pdftex.def)             Requested size: 223.07211pt x 148.71686pt.
<plots/train_val_error_271.pdf, id=1001, 433.62pt x 289.08pt>
File: plots/train_val_error_271.pdf Graphic file (type pdf)
<use plots/train_val_error_271.pdf>
Package pdftex.def Info: plots/train_val_error_271.pdf  used on input line 286.

(pdftex.def)             Requested size: 223.07211pt x 148.71686pt.
 [37 <./plots/chi2_distributions.pdf> <./plots/train_val_error_271.pdf

pdfTeX warning: pdflatex (file ./plots/train_val_error_271.pdf): PDF inclusion:
 multiple pdfs with page group included in a single page
>]
<plots/deltaE_dependence_vacuum.pdf, id=1099, 1011.78pt x 650.43pt>
File: plots/deltaE_dependence_vacuum.pdf Graphic file (type pdf)
<use plots/deltaE_dependence_vacuum.pdf>
Package pdftex.def Info: plots/deltaE_dependence_vacuum.pdf  used on input line
 350.
(pdftex.def)             Requested size: 426.79134pt x 274.3697pt.
 [38 <./plots/deltaE_dependence_vacuum.pdf>]
<plots/prediction_with_cut_10ms_absolute.pdf, id=1158, 505.89pt x 325.215pt>
File: plots/prediction_with_cut_10ms_absolute.pdf Graphic file (type pdf)
<use plots/prediction_with_cut_10ms_absolute.pdf>
Package pdftex.def Info: plots/prediction_with_cut_10ms_absolute.pdf  used on i
nput line 428.
(pdftex.def)             Requested size: 223.07211pt x 143.40271pt.
<plots/prediction_with_cut_100ms_absolute.pdf, id=1159, 505.89pt x 325.215pt>
File: plots/prediction_with_cut_100ms_absolute.pdf Graphic file (type pdf)
<use plots/prediction_with_cut_100ms_absolute.pdf>
Package pdftex.def Info: plots/prediction_with_cut_100ms_absolute.pdf  used on 
input line 429.
(pdftex.def)             Requested size: 223.07211pt x 143.40271pt.
<plots/prediction_with_cut_10ms_zoomout.pdf, id=1161, 505.89pt x 325.215pt>
File: plots/prediction_with_cut_10ms_zoomout.pdf Graphic file (type pdf)
<use plots/prediction_with_cut_10ms_zoomout.pdf>
Package pdftex.def Info: plots/prediction_with_cut_10ms_zoomout.pdf  used on in
put line 462.
(pdftex.def)             Requested size: 223.07211pt x 143.40271pt.
<plots/prediction_with_cut_100ms_zoomout.pdf, id=1162, 505.89pt x 325.215pt>
File: plots/prediction_with_cut_100ms_zoomout.pdf Graphic file (type pdf)
<use plots/prediction_with_cut_100ms_zoomout.pdf>
Package pdftex.def Info: plots/prediction_with_cut_100ms_zoomout.pdf  used on i
nput line 463.
(pdftex.def)             Requested size: 223.07211pt x 143.40271pt.
<plots/prediction_with_cut_10ms.pdf, id=1163, 433.62pt x 289.08pt>
File: plots/prediction_with_cut_10ms.pdf Graphic file (type pdf)
<use plots/prediction_with_cut_10ms.pdf>
Package pdftex.def Info: plots/prediction_with_cut_10ms.pdf  used on input line
 464.
(pdftex.def)             Requested size: 223.07211pt x 148.71686pt.
<plots/prediction_with_cut_100ms.pdf, id=1164, 433.62pt x 289.08pt>
File: plots/prediction_with_cut_100ms.pdf Graphic file (type pdf)
<use plots/prediction_with_cut_100ms.pdf>
Package pdftex.def Info: plots/prediction_with_cut_100ms.pdf  used on input lin
e 465.
(pdftex.def)             Requested size: 223.07211pt x 148.71686pt.
 [39 <./plots/prediction_with_cut_10ms_absolute.pdf> <./plots/prediction_with_c
ut_100ms_absolute.pdf

pdfTeX warning: pdflatex (file ./plots/prediction_with_cut_100ms_absolute.pdf):
 PDF inclusion: multiple pdfs with page group included in a single page
>] [40 <./plots/prediction_with_cut_10ms_zoomout.pdf> <./plots/prediction_with_
cut_100ms_zoomout.pdf

pdfTeX warning: pdflatex (file ./plots/prediction_with_cut_100ms_zoomout.pdf): 
PDF inclusion: multiple pdfs with page group included in a single page
> <./plots/prediction_with_cut_10ms.pdf

pdfTeX warning: pdflatex (file ./plots/prediction_with_cut_10ms.pdf): PDF inclu
sion: multiple pdfs with page group included in a single page
> <./plots/prediction_with_cut_100ms.pdf

pdfTeX warning: pdflatex (file ./plots/prediction_with_cut_100ms.pdf): PDF incl
usion: multiple pdfs with page group included in a single page
>]
<plots/Ebeam_extrapolation.pdf, id=1488, 361.35pt x 252.945pt>
File: plots/Ebeam_extrapolation.pdf Graphic file (type pdf)
<use plots/Ebeam_extrapolation.pdf>
Package pdftex.def Info: plots/Ebeam_extrapolation.pdf  used on input line 518.

(pdftex.def)             Requested size: 223.07211pt x 156.1527pt.
<plots/time_extrapolation.pdf, id=1489, 361.35pt x 252.945pt>
File: plots/time_extrapolation.pdf Graphic file (type pdf)
<use plots/time_extrapolation.pdf>
Package pdftex.def Info: plots/time_extrapolation.pdf  used on input line 519.
(pdftex.def)             Requested size: 223.07211pt x 156.1527pt.

Underfull \hbox (badness 10000) in paragraph at lines 563--565

 []

[41 <./plots/Ebeam_extrapolation.pdf> <./plots/time_extrapolation.pdf

pdfTeX warning: pdflatex (file ./plots/time_extrapolation.pdf): PDF inclusion: 
multiple pdfs with page group included in a single page
>]
<plots/Prediction_120keV_bignetwork.pdf, id=1575, 1300.86pt x 433.62pt>
File: plots/Prediction_120keV_bignetwork.pdf Graphic file (type pdf)
<use plots/Prediction_120keV_bignetwork.pdf>
Package pdftex.def Info: plots/Prediction_120keV_bignetwork.pdf  used on input 
line 590.
(pdftex.def)             Requested size: 432.48051pt x 144.1603pt.
<plots/Prediction_120keV_smallnetwork.pdf, id=1576, 1300.86pt x 433.62pt>
File: plots/Prediction_120keV_smallnetwork.pdf Graphic file (type pdf)
<use plots/Prediction_120keV_smallnetwork.pdf>
Package pdftex.def Info: plots/Prediction_120keV_smallnetwork.pdf  used on inpu
t line 591.
(pdftex.def)             Requested size: 432.48051pt x 144.1603pt.

Underfull \hbox (badness 10000) in paragraph at lines 615--628

 []

[42 <./plots/Prediction_120keV_bignetwork.pdf> <./plots/Prediction_120keV_small
network.pdf

pdfTeX warning: pdflatex (file ./plots/Prediction_120keV_smallnetwork.pdf): PDF
 inclusion: multiple pdfs with page group included in a single page
>]
<plots/Prediction_120keV_100replicas_part1.pdf, id=1674, 1300.86pt x 433.62pt>
File: plots/Prediction_120keV_100replicas_part1.pdf Graphic file (type pdf)
<use plots/Prediction_120keV_100replicas_part1.pdf>
Package pdftex.def Info: plots/Prediction_120keV_100replicas_part1.pdf  used on
 input line 639.
(pdftex.def)             Requested size: 432.48051pt x 144.1603pt.
<plots/Prediction_120keV_100replicas_part2.pdf, id=1675, 1300.86pt x 433.62pt>
File: plots/Prediction_120keV_100replicas_part2.pdf Graphic file (type pdf)
<use plots/Prediction_120keV_100replicas_part2.pdf>
Package pdftex.def Info: plots/Prediction_120keV_100replicas_part2.pdf  used on
 input line 640.
(pdftex.def)             Requested size: 432.48051pt x 144.1603pt.
<plots/Prediction_120keV_different_nrep.pdf, id=1679, 833.1125pt x 798.985pt>
File: plots/Prediction_120keV_different_nrep.pdf Graphic file (type pdf)
<use plots/Prediction_120keV_different_nrep.pdf>
Package pdftex.def Info: plots/Prediction_120keV_different_nrep.pdf  used on in
put line 666.
(pdftex.def)             Requested size: 432.48051pt x 414.76749pt.
 [43 <./plots/Prediction_120keV_100replicas_part1.pdf> <./plots/Prediction_120k
eV_100replicas_part2.pdf

pdfTeX warning: pdflatex (file ./plots/Prediction_120keV_100replicas_part2.pdf)
: PDF inclusion: multiple pdfs with page group included in a single page
>]) [44 <./plots/Prediction_120keV_different_nrep.pdf>]
(./sec-results-sample.tex
<plots/Spectra_location2.pdf, id=1781, 556.0775pt x 529.98pt>
File: plots/Spectra_location2.pdf Graphic file (type pdf)
<use plots/Spectra_location2.pdf>
Package pdftex.def Info: plots/Spectra_location2.pdf  used on input line 59.
(pdftex.def)             Requested size: 396.06015pt x 377.47717pt.
 [45]
Underfull \hbox (badness 10000) in paragraph at lines 80--95

 []

[46 <./plots/Spectra_location2.pdf>]
<plots/Derivatives_sample_A.pdf, id=1905, 505.89pt x 361.35pt>
File: plots/Derivatives_sample_A.pdf Graphic file (type pdf)
<use plots/Derivatives_sample_A.pdf>
Package pdftex.def Info: plots/Derivatives_sample_A.pdf  used on input line 164
.
(pdftex.def)             Requested size: 223.07211pt x 159.33633pt.
<plots/Derivatives_sample_B.pdf, id=1906, 505.89pt x 361.35pt>
File: plots/Derivatives_sample_B.pdf Graphic file (type pdf)
<use plots/Derivatives_sample_B.pdf>
Package pdftex.def Info: plots/Derivatives_sample_B.pdf  used on input line 165
.
(pdftex.def)             Requested size: 223.07211pt x 159.33633pt.
 [47]
<plots/delta2_sampleA.pdf, id=1924, 361.35pt x 252.945pt>
File: plots/delta2_sampleA.pdf Graphic file (type pdf)
<use plots/delta2_sampleA.pdf>
Package pdftex.def Info: plots/delta2_sampleA.pdf  used on input line 237.
(pdftex.def)             Requested size: 223.07211pt x 156.1527pt.
<plots/delta2_sampleB.pdf, id=1925, 361.35pt x 252.945pt>
File: plots/delta2_sampleB.pdf Graphic file (type pdf)
<use plots/delta2_sampleB.pdf>
Package pdftex.def Info: plots/delta2_sampleB.pdf  used on input line 238.
(pdftex.def)             Requested size: 223.07211pt x 156.1527pt.
 [48 <./plots/Derivatives_sample_A.pdf> <./plots/Derivatives_sample_B.pdf

pdfTeX warning: pdflatex (file ./plots/Derivatives_sample_B.pdf): PDF inclusion
: multiple pdfs with page group included in a single page
>]
Underfull \hbox (badness 10000) in paragraph at lines 256--260

 []

<plots/Derivatives_ratio_A.pdf, id=2018, 814.04124pt x 604.2575pt>
File: plots/Derivatives_ratio_A.pdf Graphic file (type pdf)
<use plots/Derivatives_ratio_A.pdf>
Package pdftex.def Info: plots/Derivatives_ratio_A.pdf  used on input line 303.

(pdftex.def)             Requested size: 223.07211pt x 165.58583pt.
<plots/Derivatives_ratio_B.pdf, id=2019, 505.89pt x 375.804pt>
File: plots/Derivatives_ratio_B.pdf Graphic file (type pdf)
<use plots/Derivatives_ratio_B.pdf>
Package pdftex.def Info: plots/Derivatives_ratio_B.pdf  used on input line 304.

(pdftex.def)             Requested size: 223.07211pt x 165.7098pt.
[49 <./plots/delta2_sampleA.pdf> <./plots/delta2_sampleB.pdf

pdfTeX warning: pdflatex (file ./plots/delta2_sampleB.pdf): PDF inclusion: mult
iple pdfs with page group included in a single page
>]
Underfull \hbox (badness 10000) in paragraph at lines 316--342

 []

[50 <./plots/Derivatives_ratio_A.pdf> <./plots/Derivatives_ratio_B.pdf>]
Overfull \hbox (2.77216pt too wide) in alignment at lines 395--403
 [][][] []
 []

[51]
<plots/SubtractedEELS_plot_sp14.pdf, id=2158, 650.43pt x 505.89pt>
File: plots/SubtractedEELS_plot_sp14.pdf Graphic file (type pdf)
<use plots/SubtractedEELS_plot_sp14.pdf>
Package pdftex.def Info: plots/SubtractedEELS_plot_sp14.pdf  used on input line
 487.
(pdftex.def)             Requested size: 223.07211pt x 173.49785pt.
<plots/SubtractedEELS_plot_sp15.pdf, id=2159, 650.43pt x 505.89pt>
File: plots/SubtractedEELS_plot_sp15.pdf Graphic file (type pdf)
<use plots/SubtractedEELS_plot_sp15.pdf>
Package pdftex.def Info: plots/SubtractedEELS_plot_sp15.pdf  used on input line
 488.
(pdftex.def)             Requested size: 223.07211pt x 173.49785pt.
 [52 <./plots/SubtractedEELS_plot_sp14.pdf> <./plots/SubtractedEELS_plot_sp15.p
df

pdfTeX warning: pdflatex (file ./plots/SubtractedEELS_plot_sp15.pdf): PDF inclu
sion: multiple pdfs with page group included in a single page
>]
<plots/Stability_plots_sp14_smooth.pdf, id=2251, 1011.78pt x 361.35pt>
File: plots/Stability_plots_sp14_smooth.pdf Graphic file (type pdf)
<use plots/Stability_plots_sp14_smooth.pdf>
Package pdftex.def Info: plots/Stability_plots_sp14_smooth.pdf  used on input l
ine 558.
(pdftex.def)             Requested size: 450.69417pt x 160.96289pt.
 [53 <./plots/Stability_plots_sp14_smooth.pdf>]
<plots/bg_stability.pdf, id=2302, 722.7pt x 252.945pt>
File: plots/bg_stability.pdf Graphic file (type pdf)
<use plots/bg_stability.pdf>
Package pdftex.def Info: plots/bg_stability.pdf  used on input line 608.
(pdftex.def)             Requested size: 409.71692pt x 143.4005pt.
<plots/bandgap_different_regimes.pdf, id=2306, 433.62pt x 289.08pt>
File: plots/bandgap_different_regimes.pdf Graphic file (type pdf)
<use plots/bandgap_different_regimes.pdf>
Package pdftex.def Info: plots/bandgap_different_regimes.pdf  used on input lin
e 640.
(pdftex.def)             Requested size: 318.66948pt x 212.4558pt.
 [54 <./plots/bg_stability.pdf> <./plots/bandgap_different_regimes.pdf

pdfTeX warning: pdflatex (file ./plots/bandgap_different_regimes.pdf): PDF incl
usion: multiple pdfs with page group included in a single page
>]
<plots/subtractedEELS_plot_sampleB_sp4.pdf, id=2368, 1300.86pt x 505.89pt>
File: plots/subtractedEELS_plot_sampleB_sp4.pdf Graphic file (type pdf)
<use plots/subtractedEELS_plot_sampleB_sp4.pdf>
Package pdftex.def Info: plots/subtractedEELS_plot_sampleB_sp4.pdf  used on inp
ut line 688.
(pdftex.def)             Requested size: 446.13727pt x 173.49785pt.
 [55 <./plots/subtractedEELS_plot_sampleB_sp4.pdf>]
Underfull \hbox (badness 10000) in paragraph at lines 733--746

 []

<plots/subtracted_spectra_comp.pdf, id=2432, 722.7pt x 252.945pt>
File: plots/subtracted_spectra_comp.pdf Graphic file (type pdf)
<use plots/subtracted_spectra_comp.pdf>
Package pdftex.def Info: plots/subtracted_spectra_comp.pdf  used on input line 
793.
(pdftex.def)             Requested size: 450.69417pt x 157.74286pt.
[56]) [57 <./plots/subtracted_spectra_comp.pdf>] (./sec-summary.tex
Underfull \hbox (badness 10000) in paragraph at lines 6--29

 []


Underfull \hbox (badness 10000) in paragraph at lines 61--64

 []

[58] [59]) (./app-code.tex [60] [61

]

LaTeX Warning: Reference `sec:MCreplicas' on page 62 undefined on input line 15
0.

[62] [63]) [64] (./thesis.bbl [65] [66] [67] [68]) [69]
Underfull \hbox (badness 10000) in paragraph at lines 296--297

 []


Underfull \hbox (badness 10000) in paragraph at lines 298--309

 []


Underfull \hbox (badness 10000) in paragraph at lines 310--320

 []


Underfull \hbox (badness 10000) in paragraph at lines 321--324

 []


Underfull \hbox (badness 10000) in paragraph at lines 325--328

 []

Package atveryend Info: Empty hook `BeforeClearDocument' on input line 338.
[70]
Package atveryend Info: Empty hook `AfterLastShipout' on input line 338.
 (./thesis.aux)
Package atveryend Info: Executing hook `AtVeryEndDocument' on input line 338.
Package atveryend Info: Executing hook `AtEndAfterFileList' on input line 338.
Package rerunfilecheck Info: File `thesis.out' has not changed.
(rerunfilecheck)             Checksum: 5E66B85B342B681C476C6D612BAF1659;1670.


LaTeX Warning: There were undefined references.

Package atveryend Info: Empty hook `AtVeryVeryEnd' on input line 338.
 ) 
Here is how much of TeX's memory you used:
 9642 strings out of 482056
 148885 string characters out of 5937675
 421827 words of memory out of 5000000
 24825 multiletter control sequences out of 15000+600000
 549608 words of font info for 87 fonts, out of 8000000 for 9000
 319 hyphenation exceptions out of 8191
 41i,16n,63p,867b,454s stack positions out of 5000i,500n,10000p,200000b,80000s
 </Users/laurienroest/Library/texlive/2020basic/texmf-var/fonts/pk/ljfour/jkn
appen/ec/tcrm1200.600pk></usr/local/texlive/2020basic/texmf-dist/fonts/type1/pu
blic/amsfonts/cm/cmbx10.pfb></usr/local/texlive/2020basic/texmf-dist/fonts/type
1/public/amsfonts/cm/cmbx12.pfb></usr/local/texlive/2020basic/texmf-dist/fonts/
type1/public/amsfonts/cm/cmcsc10.pfb></usr/local/texlive/2020basic/texmf-dist/f
onts/type1/public/amsfonts/cm/cmex10.pfb></usr/local/texlive/2020basic/texmf-di
st/fonts/type1/public/amsfonts/cm/cmmi10.pfb></usr/local/texlive/2020basic/texm
f-dist/fonts/type1/public/amsfonts/cm/cmmi12.pfb></usr/local/texlive/2020basic/
texmf-dist/fonts/type1/public/amsfonts/cm/cmmi6.pfb></usr/local/texlive/2020bas
ic/texmf-dist/fonts/type1/public/amsfonts/cm/cmmi8.pfb></usr/local/texlive/2020
basic/texmf-dist/fonts/type1/public/amsfonts/cm/cmr10.pfb></usr/local/texlive/2
020basic/texmf-dist/fonts/type1/public/amsfonts/cm/cmr12.pfb></usr/local/texliv
e/2020basic/texmf-dist/fonts/type1/public/amsfonts/cm/cmr17.pfb></usr/local/tex
live/2020basic/texmf-dist/fonts/type1/public/amsfonts/cm/cmr6.pfb></usr/local/t
exlive/2020basic/texmf-dist/fonts/type1/public/amsfonts/cm/cmr8.pfb></usr/local
/texlive/2020basic/texmf-dist/fonts/type1/public/amsfonts/cm/cmsy10.pfb></usr/l
ocal/texlive/2020basic/texmf-dist/fonts/type1/public/amsfonts/cm/cmsy6.pfb></us
r/local/texlive/2020basic/texmf-dist/fonts/type1/public/amsfonts/cm/cmsy8.pfb><
/usr/local/texlive/2020basic/texmf-dist/fonts/type1/public/amsfonts/cm/cmti10.p
fb></usr/local/texlive/2020basic/texmf-dist/fonts/type1/public/amsfonts/cm/cmti
12.pfb></usr/local/texlive/2020basic/texmf-dist/fonts/type1/public/amsfonts/cm/
cmtt12.pfb></usr/local/texlive/2020basic/texmf-dist/fonts/type1/public/amsfonts
/symbols/msbm10.pfb>
Output written on thesis.pdf (71 pages, 8063015 bytes).
PDF statistics:
 2709 PDF objects out of 2984 (max. 8388607)
 1402 compressed objects within 15 object streams
 251 named destinations out of 1000 (max. 500000)
 428 words of extra memory for PDF output out of 10000 (max. 10000000)

