\BOOKMARK [1][-]{section.1}{Introduction}{}% 1
\BOOKMARK [1][-]{section.2}{Transition metal dichalcogenides and WS2}{}% 2
\BOOKMARK [1][-]{section.3}{Fundamentals of EELS}{}% 3
\BOOKMARK [2][-]{subsection.3.1}{EEL spectra}{section.3}% 4
\BOOKMARK [2][-]{subsection.3.2}{Energy resolution}{section.3}% 5
\BOOKMARK [2][-]{subsection.3.3}{ZLP subtraction}{section.3}% 6
\BOOKMARK [1][-]{section.4}{Fundamentals of neural networks}{}% 7
\BOOKMARK [1][-]{section.5}{Neural network determination of the ZLP}{}% 8
\BOOKMARK [2][-]{subsection.5.1}{ZLP parametrisation}{section.5}% 9
\BOOKMARK [2][-]{subsection.5.2}{Uncertainty propagation}{section.5}% 10
\BOOKMARK [2][-]{subsection.5.3}{Training strategy}{section.5}% 11
\BOOKMARK [1][-]{section.6}{Results I. Vacuum spectra}{}% 12
\BOOKMARK [2][-]{subsection.6.1}{Training initialization}{section.6}% 13
\BOOKMARK [2][-]{subsection.6.2}{Fit quality}{section.6}% 14
\BOOKMARK [2][-]{subsection.6.3}{Dependence on the electron energy loss}{section.6}% 15
\BOOKMARK [2][-]{subsection.6.4}{Dependence on beam energy and exposure time }{section.6}% 16
\BOOKMARK [2][-]{subsection.6.5}{Stability and reliability checks}{section.6}% 17
\BOOKMARK [1][-]{section.7}{Results II. Sample spectra}{}% 18
\BOOKMARK [2][-]{subsection.7.1}{Training dataset}{section.7}% 19
\BOOKMARK [2][-]{subsection.7.2}{Subtraction procedure}{section.7}% 20
\BOOKMARK [2][-]{subsection.7.3}{Bandgap analysis of sample A}{section.7}% 21
\BOOKMARK [2][-]{subsection.7.4}{Mapping excitonic transitions in sample B}{section.7}% 22
\BOOKMARK [1][-]{section.8}{Summary and outlook}{}% 23
\BOOKMARK [1][-]{appendix.A}{Installation and usage of EELSfitter}{}% 24
